0 info it worked if it ends with ok
1 verbose cli [ '/usr/local/bin/node',
1 verbose cli   '/usr/local/bin/npm',
1 verbose cli   'install',
1 verbose cli   '-g',
1 verbose cli   'donejs' ]
2 info using npm@3.3.12
3 info using node@v5.4.1
4 silly loadCurrentTree Starting
5 silly install loadCurrentTree
6 silly install readGlobalPackageData
7 silly fetchPackageMetaData donejs
8 silly fetchNamedPackageData donejs
9 silly mapToRegistry name donejs
10 silly mapToRegistry using default registry
11 silly mapToRegistry registry https://registry.npmjs.org/
12 silly mapToRegistry uri https://registry.npmjs.org/donejs
13 verbose request uri https://registry.npmjs.org/donejs
14 verbose request no auth needed
15 info attempt registry request try #1 at 10:45:20 PM
16 verbose request id 0c966ad408767fdf
17 http request GET https://registry.npmjs.org/donejs
18 http 200 https://registry.npmjs.org/donejs
19 verbose headers { server: 'CouchDB/1.5.0 (Erlang OTP/R16B03)',
19 verbose headers   etag: '"48M3ICG3RTE5C8GEQULQBB6M0"',
19 verbose headers   'content-type': 'application/json',
19 verbose headers   'cache-control': 'max-age=300',
19 verbose headers   'content-length': '131874',
19 verbose headers   'accept-ranges': 'bytes',
19 verbose headers   date: 'Sun, 17 Jan 2016 04:45:12 GMT',
19 verbose headers   via: '1.1 varnish',
19 verbose headers   age: '0',
19 verbose headers   connection: 'keep-alive',
19 verbose headers   'x-served-by': 'cache-ord1727-ORD',
19 verbose headers   'x-cache': 'MISS',
19 verbose headers   'x-cache-hits': '0',
19 verbose headers   'x-timer': 'S1453005912.452955,VS0,VE286',
19 verbose headers   vary: 'Accept' }
20 silly get cb [ 200,
20 silly get   { server: 'CouchDB/1.5.0 (Erlang OTP/R16B03)',
20 silly get     etag: '"48M3ICG3RTE5C8GEQULQBB6M0"',
20 silly get     'content-type': 'application/json',
20 silly get     'cache-control': 'max-age=300',
20 silly get     'content-length': '131874',
20 silly get     'accept-ranges': 'bytes',
20 silly get     date: 'Sun, 17 Jan 2016 04:45:12 GMT',
20 silly get     via: '1.1 varnish',
20 silly get     age: '0',
20 silly get     connection: 'keep-alive',
20 silly get     'x-served-by': 'cache-ord1727-ORD',
20 silly get     'x-cache': 'MISS',
20 silly get     'x-cache-hits': '0',
20 silly get     'x-timer': 'S1453005912.452955,VS0,VE286',
20 silly get     vary: 'Accept' } ]
21 verbose get saving donejs to /Users/Tom/.npm/registry.npmjs.org/donejs/.cache.json
22 silly install normalizeTree
23 silly loadCurrentTree Finishing
24 silly loadIdealTree Starting
25 silly install loadIdealTree
26 silly cloneCurrentTree Starting
27 silly install cloneCurrentTreeToIdealTree
28 silly cloneCurrentTree Finishing
29 silly loadShrinkwrap Starting
30 silly install loadShrinkwrap
31 silly loadShrinkwrap Finishing
32 silly loadAllDepsIntoIdealTree Starting
33 silly install loadAllDepsIntoIdealTree
34 silly resolveWithNewModule donejs@0.6.0 checking installable status
35 silly cache add args [ 'donejs', null ]
36 verbose cache add spec donejs
37 silly cache add parsed spec Result {
37 silly cache add   raw: 'donejs',
37 silly cache add   scope: null,
37 silly cache add   name: 'donejs',
37 silly cache add   rawSpec: '',
37 silly cache add   spec: '*',
37 silly cache add   type: 'range' }
38 silly addNamed donejs@*
39 verbose addNamed "*" is a valid semver range for donejs
40 silly addNameRange { name: 'donejs', range: '*', hasData: false }
41 silly mapToRegistry name donejs
42 silly mapToRegistry using default registry
43 silly mapToRegistry registry https://registry.npmjs.org/
44 silly mapToRegistry uri https://registry.npmjs.org/donejs
45 verbose addNameRange registry:https://registry.npmjs.org/donejs not in flight; fetching
46 verbose get https://registry.npmjs.org/donejs not expired, no request
47 silly addNameRange number 2 { name: 'donejs', range: '*', hasData: true }
48 silly addNameRange versions [ 'donejs',
48 silly addNameRange   [ '0.0.1',
48 silly addNameRange     '0.0.2',
48 silly addNameRange     '0.0.3',
48 silly addNameRange     '0.0.4',
48 silly addNameRange     '0.0.5',
48 silly addNameRange     '0.0.6',
48 silly addNameRange     '0.0.7',
48 silly addNameRange     '0.0.8',
48 silly addNameRange     '0.0.9',
48 silly addNameRange     '0.1.0',
48 silly addNameRange     '0.1.1',
48 silly addNameRange     '0.2.0',
48 silly addNameRange     '0.1.3',
48 silly addNameRange     '0.2.1',
48 silly addNameRange     '0.2.2',
48 silly addNameRange     '0.2.3',
48 silly addNameRange     '0.2.4',
48 silly addNameRange     '0.2.5',
48 silly addNameRange     '0.2.6',
48 silly addNameRange     '0.2.7',
48 silly addNameRange     '0.2.8',
48 silly addNameRange     '0.2.9',
48 silly addNameRange     '0.2.10',
48 silly addNameRange     '0.2.11',
48 silly addNameRange     '0.2.12',
48 silly addNameRange     '0.2.13',
48 silly addNameRange     '0.2.14',
48 silly addNameRange     '0.2.15',
48 silly addNameRange     '0.2.16',
48 silly addNameRange     '0.3.0',
48 silly addNameRange     '0.3.1',
48 silly addNameRange     '0.3.2',
48 silly addNameRange     '0.4.0',
48 silly addNameRange     '0.5.0-pre.0',
48 silly addNameRange     '0.5.0-pre.1',
48 silly addNameRange     '0.5.0-pre.2',
48 silly addNameRange     '0.5.0-pre.3',
48 silly addNameRange     '0.5.0-pre.4',
48 silly addNameRange     '0.5.0-pre.5',
48 silly addNameRange     '0.5.0-pre.6',
48 silly addNameRange     '0.5.0-pre.7',
48 silly addNameRange     '0.5.0-pre.8',
48 silly addNameRange     '0.5.0-pre.9',
48 silly addNameRange     '0.5.0-pre.10',
48 silly addNameRange     '0.5.0-pre.11',
48 silly addNameRange     '0.5.0-pre.12',
48 silly addNameRange     '0.5.0-pre.13',
48 silly addNameRange     '0.5.0-pre.14',
48 silly addNameRange     '0.5.0-pre.15',
48 silly addNameRange     '0.5.0-pre.16',
48 silly addNameRange     '0.5.0-pre.17',
48 silly addNameRange     '0.5.0-pre.18',
48 silly addNameRange     '0.5.0-pre.19',
48 silly addNameRange     '0.5.0-beta.1',
48 silly addNameRange     '0.5.0-beta.2',
48 silly addNameRange     '0.5.0',
48 silly addNameRange     '0.5.1',
48 silly addNameRange     '0.5.2',
48 silly addNameRange     '0.5.3',
48 silly addNameRange     '0.5.4',
48 silly addNameRange     '0.5.5',
48 silly addNameRange     '0.5.6',
48 silly addNameRange     '0.5.7',
48 silly addNameRange     '0.6.0-pre.1',
48 silly addNameRange     '0.6.0-pre.2',
48 silly addNameRange     '0.6.0-pre.3',
48 silly addNameRange     '0.6.0' ] ]
49 silly addNamed donejs@0.6.0
50 verbose addNamed "0.6.0" is a plain semver version for donejs
51 silly mapToRegistry name donejs
52 silly mapToRegistry using default registry
53 silly mapToRegistry registry https://registry.npmjs.org/
54 silly mapToRegistry uri https://registry.npmjs.org/donejs
55 verbose addRemoteTarball https://registry.npmjs.org/donejs/-/donejs-0.6.0.tgz not in flight; adding
56 verbose addRemoteTarball [ 'https://registry.npmjs.org/donejs/-/donejs-0.6.0.tgz',
56 verbose addRemoteTarball   '3299b8c70ded5b6f67ddbb1ba4da54ea963221d5' ]
57 info retry fetch attempt 1 at 10:45:21 PM
58 info attempt registry request try #1 at 10:45:21 PM
59 http fetch GET https://registry.npmjs.org/donejs/-/donejs-0.6.0.tgz
60 http fetch 200 https://registry.npmjs.org/donejs/-/donejs-0.6.0.tgz
61 silly fetchAndShaCheck shasum 3299b8c70ded5b6f67ddbb1ba4da54ea963221d5
62 verbose addTmpTarball /var/folders/dm/c8m704b56sz_0tc5w3zkw7wr0000gn/T/npm-54676-d2a6cfe7/registry.npmjs.org/donejs/-/donejs-0.6.0.tgz not in flight; adding
63 verbose addTmpTarball already have metadata; skipping unpack for donejs@0.6.0
64 silly cache afterAdd donejs@0.6.0
65 verbose afterAdd /Users/Tom/.npm/donejs/0.6.0/package/package.json not in flight; writing
66 verbose afterAdd /Users/Tom/.npm/donejs/0.6.0/package/package.json written
67 silly fetchNamedPackageData commander
68 silly mapToRegistry name commander
69 silly mapToRegistry using default registry
70 silly mapToRegistry registry https://registry.npmjs.org/
71 silly mapToRegistry uri https://registry.npmjs.org/commander
72 silly fetchNamedPackageData cross-spawn-async
73 silly mapToRegistry name cross-spawn-async
74 silly mapToRegistry using default registry
75 silly mapToRegistry registry https://registry.npmjs.org/
76 silly mapToRegistry uri https://registry.npmjs.org/cross-spawn-async
77 silly fetchNamedPackageData q
78 silly mapToRegistry name q
79 silly mapToRegistry using default registry
80 silly mapToRegistry registry https://registry.npmjs.org/
81 silly mapToRegistry uri https://registry.npmjs.org/q
82 verbose request uri https://registry.npmjs.org/commander
83 verbose request no auth needed
84 info attempt registry request try #1 at 10:45:21 PM
85 http request GET https://registry.npmjs.org/commander
86 verbose request uri https://registry.npmjs.org/cross-spawn-async
87 verbose request no auth needed
88 info attempt registry request try #1 at 10:45:21 PM
89 http request GET https://registry.npmjs.org/cross-spawn-async
90 verbose request uri https://registry.npmjs.org/q
91 verbose request no auth needed
92 info attempt registry request try #1 at 10:45:21 PM
93 http request GET https://registry.npmjs.org/q
94 http 200 https://registry.npmjs.org/cross-spawn-async
95 verbose headers { server: 'CouchDB/1.5.0 (Erlang OTP/R16B03)',
95 verbose headers   etag: '"3PBXLMAATEJR96I3KS6SAQ996"',
95 verbose headers   'content-type': 'application/json',
95 verbose headers   'cache-control': 'max-age=300',
95 verbose headers   'content-length': '19515',
95 verbose headers   'accept-ranges': 'bytes',
95 verbose headers   date: 'Sun, 17 Jan 2016 04:45:13 GMT',
95 verbose headers   via: '1.1 varnish',
95 verbose headers   age: '222',
95 verbose headers   connection: 'keep-alive',
95 verbose headers   'x-served-by': 'cache-ord1733-ORD',
95 verbose headers   'x-cache': 'HIT',
95 verbose headers   'x-cache-hits': '1',
95 verbose headers   'x-timer': 'S1453005913.129775,VS0,VE0',
95 verbose headers   vary: 'Accept' }
96 silly get cb [ 200,
96 silly get   { server: 'CouchDB/1.5.0 (Erlang OTP/R16B03)',
96 silly get     etag: '"3PBXLMAATEJR96I3KS6SAQ996"',
96 silly get     'content-type': 'application/json',
96 silly get     'cache-control': 'max-age=300',
96 silly get     'content-length': '19515',
96 silly get     'accept-ranges': 'bytes',
96 silly get     date: 'Sun, 17 Jan 2016 04:45:13 GMT',
96 silly get     via: '1.1 varnish',
96 silly get     age: '222',
96 silly get     connection: 'keep-alive',
96 silly get     'x-served-by': 'cache-ord1733-ORD',
96 silly get     'x-cache': 'HIT',
96 silly get     'x-cache-hits': '1',
96 silly get     'x-timer': 'S1453005913.129775,VS0,VE0',
96 silly get     vary: 'Accept' } ]
97 verbose get saving cross-spawn-async to /Users/Tom/.npm/registry.npmjs.org/cross-spawn-async/.cache.json
98 silly resolveWithNewModule cross-spawn-async@2.1.6 checking installable status
99 silly cache add args [ 'cross-spawn-async@^2.0.0', null ]
100 verbose cache add spec cross-spawn-async@^2.0.0
101 silly cache add parsed spec Result {
101 silly cache add   raw: 'cross-spawn-async@^2.0.0',
101 silly cache add   scope: null,
101 silly cache add   name: 'cross-spawn-async',
101 silly cache add   rawSpec: '^2.0.0',
101 silly cache add   spec: '>=2.0.0 <3.0.0',
101 silly cache add   type: 'range' }
102 silly addNamed cross-spawn-async@>=2.0.0 <3.0.0
103 verbose addNamed ">=2.0.0 <3.0.0" is a valid semver range for cross-spawn-async
104 silly addNameRange { name: 'cross-spawn-async',
104 silly addNameRange   range: '>=2.0.0 <3.0.0',
104 silly addNameRange   hasData: false }
105 silly mapToRegistry name cross-spawn-async
106 silly mapToRegistry using default registry
107 silly mapToRegistry registry https://registry.npmjs.org/
108 silly mapToRegistry uri https://registry.npmjs.org/cross-spawn-async
109 verbose addNameRange registry:https://registry.npmjs.org/cross-spawn-async not in flight; fetching
110 verbose get https://registry.npmjs.org/cross-spawn-async not expired, no request
111 silly addNameRange number 2 { name: 'cross-spawn-async',
111 silly addNameRange   range: '>=2.0.0 <3.0.0',
111 silly addNameRange   hasData: true }
112 silly addNameRange versions [ 'cross-spawn-async',
112 silly addNameRange   [ '0.1.0',
112 silly addNameRange     '1.0.0',
112 silly addNameRange     '1.0.1',
112 silly addNameRange     '2.0.0',
112 silly addNameRange     '2.0.1',
112 silly addNameRange     '2.1.0',
112 silly addNameRange     '2.1.1',
112 silly addNameRange     '2.1.2',
112 silly addNameRange     '2.1.3',
112 silly addNameRange     '2.1.4',
112 silly addNameRange     '2.1.5',
112 silly addNameRange     '2.1.6' ] ]
113 silly addNamed cross-spawn-async@2.1.6
114 verbose addNamed "2.1.6" is a plain semver version for cross-spawn-async
115 silly mapToRegistry name cross-spawn-async
116 silly mapToRegistry using default registry
117 silly mapToRegistry registry https://registry.npmjs.org/
118 silly mapToRegistry uri https://registry.npmjs.org/cross-spawn-async
119 verbose addRemoteTarball https://registry.npmjs.org/cross-spawn-async/-/cross-spawn-async-2.1.6.tgz not in flight; adding
120 verbose addRemoteTarball [ 'https://registry.npmjs.org/cross-spawn-async/-/cross-spawn-async-2.1.6.tgz',
120 verbose addRemoteTarball   'bba3739e5442236830c53d750225243c792f0512' ]
121 info retry fetch attempt 1 at 10:45:21 PM
122 info attempt registry request try #1 at 10:45:21 PM
123 http fetch GET https://registry.npmjs.org/cross-spawn-async/-/cross-spawn-async-2.1.6.tgz
124 http 200 https://registry.npmjs.org/commander
125 verbose headers { server: 'CouchDB/1.5.0 (Erlang OTP/R16B03)',
125 verbose headers   etag: '"30YY3MDR9AUUKF3GMTCHZ6375"',
125 verbose headers   'content-type': 'application/json',
125 verbose headers   'cache-control': 'max-age=300',
125 verbose headers   'content-length': '60921',
125 verbose headers   'accept-ranges': 'bytes',
125 verbose headers   date: 'Sun, 17 Jan 2016 04:45:13 GMT',
125 verbose headers   via: '1.1 varnish',
125 verbose headers   age: '9',
125 verbose headers   connection: 'keep-alive',
125 verbose headers   'x-served-by': 'cache-ord1726-ORD',
125 verbose headers   'x-cache': 'HIT',
125 verbose headers   'x-cache-hits': '1',
125 verbose headers   'x-timer': 'S1453005913.137880,VS0,VE0',
125 verbose headers   vary: 'Accept' }
126 silly get cb [ 200,
126 silly get   { server: 'CouchDB/1.5.0 (Erlang OTP/R16B03)',
126 silly get     etag: '"30YY3MDR9AUUKF3GMTCHZ6375"',
126 silly get     'content-type': 'application/json',
126 silly get     'cache-control': 'max-age=300',
126 silly get     'content-length': '60921',
126 silly get     'accept-ranges': 'bytes',
126 silly get     date: 'Sun, 17 Jan 2016 04:45:13 GMT',
126 silly get     via: '1.1 varnish',
126 silly get     age: '9',
126 silly get     connection: 'keep-alive',
126 silly get     'x-served-by': 'cache-ord1726-ORD',
126 silly get     'x-cache': 'HIT',
126 silly get     'x-cache-hits': '1',
126 silly get     'x-timer': 'S1453005913.137880,VS0,VE0',
126 silly get     vary: 'Accept' } ]
127 verbose get saving commander to /Users/Tom/.npm/registry.npmjs.org/commander/.cache.json
128 silly resolveWithNewModule commander@2.9.0 checking installable status
129 silly cache add args [ 'commander@^2.8.1', null ]
130 verbose cache add spec commander@^2.8.1
131 silly cache add parsed spec Result {
131 silly cache add   raw: 'commander@^2.8.1',
131 silly cache add   scope: null,
131 silly cache add   name: 'commander',
131 silly cache add   rawSpec: '^2.8.1',
131 silly cache add   spec: '>=2.8.1 <3.0.0',
131 silly cache add   type: 'range' }
132 silly addNamed commander@>=2.8.1 <3.0.0
133 verbose addNamed ">=2.8.1 <3.0.0" is a valid semver range for commander
134 silly addNameRange { name: 'commander', range: '>=2.8.1 <3.0.0', hasData: false }
135 silly mapToRegistry name commander
136 silly mapToRegistry using default registry
137 silly mapToRegistry registry https://registry.npmjs.org/
138 silly mapToRegistry uri https://registry.npmjs.org/commander
139 verbose addNameRange registry:https://registry.npmjs.org/commander not in flight; fetching
140 verbose get https://registry.npmjs.org/commander not expired, no request
141 silly addNameRange number 2 { name: 'commander', range: '>=2.8.1 <3.0.0', hasData: true }
142 silly addNameRange versions [ 'commander',
142 silly addNameRange   [ '0.0.1',
142 silly addNameRange     '0.0.3',
142 silly addNameRange     '0.0.4',
142 silly addNameRange     '0.0.5',
142 silly addNameRange     '0.1.0',
142 silly addNameRange     '0.2.0',
142 silly addNameRange     '0.2.1',
142 silly addNameRange     '0.3.0',
142 silly addNameRange     '0.3.1',
142 silly addNameRange     '0.3.2',
142 silly addNameRange     '0.3.3',
142 silly addNameRange     '0.4.0',
142 silly addNameRange     '0.4.1',
142 silly addNameRange     '0.4.2',
142 silly addNameRange     '0.4.3',
142 silly addNameRange     '0.5.0',
142 silly addNameRange     '0.5.1',
142 silly addNameRange     '0.6.0',
142 silly addNameRange     '0.6.1',
142 silly addNameRange     '0.5.2',
142 silly addNameRange     '1.0.0',
142 silly addNameRange     '1.0.1',
142 silly addNameRange     '1.0.2',
142 silly addNameRange     '1.0.3',
142 silly addNameRange     '1.0.4',
142 silly addNameRange     '1.0.5',
142 silly addNameRange     '1.1.0',
142 silly addNameRange     '1.1.1',
142 silly addNameRange     '1.2.0',
142 silly addNameRange     '1.3.0',
142 silly addNameRange     '1.3.1',
142 silly addNameRange     '1.3.2',
142 silly addNameRange     '2.0.0',
142 silly addNameRange     '2.1.0',
142 silly addNameRange     '2.2.0',
142 silly addNameRange     '2.3.0',
142 silly addNameRange     '2.4.0',
142 silly addNameRange     '2.5.0',
142 silly addNameRange     '2.5.1',
142 silly addNameRange     '2.6.0',
142 silly addNameRange     '2.7.0',
142 silly addNameRange     '2.7.1',
142 silly addNameRange     '2.8.0',
142 silly addNameRange     '2.8.1',
142 silly addNameRange     '2.9.0' ] ]
143 silly addNamed commander@2.9.0
144 verbose addNamed "2.9.0" is a plain semver version for commander
145 silly mapToRegistry name commander
146 silly mapToRegistry using default registry
147 silly mapToRegistry registry https://registry.npmjs.org/
148 silly mapToRegistry uri https://registry.npmjs.org/commander
149 verbose addRemoteTarball https://registry.npmjs.org/commander/-/commander-2.9.0.tgz not in flight; adding
150 verbose addRemoteTarball [ 'https://registry.npmjs.org/commander/-/commander-2.9.0.tgz',
150 verbose addRemoteTarball   '9c99094176e12240cb22d6c5146098400fe0f7d4' ]
151 info retry fetch attempt 1 at 10:45:21 PM
152 info attempt registry request try #1 at 10:45:21 PM
153 http fetch GET https://registry.npmjs.org/commander/-/commander-2.9.0.tgz
154 http 200 https://registry.npmjs.org/q
155 verbose headers { server: 'CouchDB/1.5.0 (Erlang OTP/R16B03)',
155 verbose headers   etag: '"BXGVCBUVYSADG416PYPOODR3A"',
155 verbose headers   'content-type': 'application/json',
155 verbose headers   'cache-control': 'max-age=300',
155 verbose headers   'content-length': '144201',
155 verbose headers   'accept-ranges': 'bytes',
155 verbose headers   date: 'Sun, 17 Jan 2016 04:45:13 GMT',
155 verbose headers   via: '1.1 varnish',
155 verbose headers   age: '232',
155 verbose headers   connection: 'keep-alive',
155 verbose headers   'x-served-by': 'cache-ord1733-ORD',
155 verbose headers   'x-cache': 'HIT',
155 verbose headers   'x-cache-hits': '1',
155 verbose headers   'x-timer': 'S1453005913.143551,VS0,VE0',
155 verbose headers   vary: 'Accept' }
156 silly get cb [ 200,
156 silly get   { server: 'CouchDB/1.5.0 (Erlang OTP/R16B03)',
156 silly get     etag: '"BXGVCBUVYSADG416PYPOODR3A"',
156 silly get     'content-type': 'application/json',
156 silly get     'cache-control': 'max-age=300',
156 silly get     'content-length': '144201',
156 silly get     'accept-ranges': 'bytes',
156 silly get     date: 'Sun, 17 Jan 2016 04:45:13 GMT',
156 silly get     via: '1.1 varnish',
156 silly get     age: '232',
156 silly get     connection: 'keep-alive',
156 silly get     'x-served-by': 'cache-ord1733-ORD',
156 silly get     'x-cache': 'HIT',
156 silly get     'x-cache-hits': '1',
156 silly get     'x-timer': 'S1453005913.143551,VS0,VE0',
156 silly get     vary: 'Accept' } ]
157 verbose get saving q to /Users/Tom/.npm/registry.npmjs.org/q/.cache.json
158 http fetch 200 https://registry.npmjs.org/cross-spawn-async/-/cross-spawn-async-2.1.6.tgz
159 silly fetchAndShaCheck shasum bba3739e5442236830c53d750225243c792f0512
160 verbose addTmpTarball /var/folders/dm/c8m704b56sz_0tc5w3zkw7wr0000gn/T/npm-54676-d2a6cfe7/registry.npmjs.org/cross-spawn-async/-/cross-spawn-async-2.1.6.tgz not in flight; adding
161 verbose addTmpTarball already have metadata; skipping unpack for cross-spawn-async@2.1.6
162 silly resolveWithNewModule q@1.4.1 checking installable status
163 silly cache add args [ 'q@^1.4.1', null ]
164 verbose cache add spec q@^1.4.1
165 silly cache add parsed spec Result {
165 silly cache add   raw: 'q@^1.4.1',
165 silly cache add   scope: null,
165 silly cache add   name: 'q',
165 silly cache add   rawSpec: '^1.4.1',
165 silly cache add   spec: '>=1.4.1 <2.0.0',
165 silly cache add   type: 'range' }
166 silly addNamed q@>=1.4.1 <2.0.0
167 verbose addNamed ">=1.4.1 <2.0.0" is a valid semver range for q
168 silly addNameRange { name: 'q', range: '>=1.4.1 <2.0.0', hasData: false }
169 silly mapToRegistry name q
170 silly mapToRegistry using default registry
171 silly mapToRegistry registry https://registry.npmjs.org/
172 silly mapToRegistry uri https://registry.npmjs.org/q
173 verbose addNameRange registry:https://registry.npmjs.org/q not in flight; fetching
174 verbose get https://registry.npmjs.org/q not expired, no request
175 silly addNameRange number 2 { name: 'q', range: '>=1.4.1 <2.0.0', hasData: true }
176 silly addNameRange versions [ 'q',
176 silly addNameRange   [ '0.0.0',
176 silly addNameRange     '0.0.1',
176 silly addNameRange     '0.0.2',
176 silly addNameRange     '0.0.3',
176 silly addNameRange     '0.1.0',
176 silly addNameRange     '0.1.1',
176 silly addNameRange     '0.1.2',
176 silly addNameRange     '0.1.3',
176 silly addNameRange     '0.1.4',
176 silly addNameRange     '0.1.5',
176 silly addNameRange     '0.1.6',
176 silly addNameRange     '0.1.7',
176 silly addNameRange     '0.1.8',
176 silly addNameRange     '0.1.9',
176 silly addNameRange     '0.2.0-rc1',
176 silly addNameRange     '0.2.0',
176 silly addNameRange     '0.2.1',
176 silly addNameRange     '0.2.2',
176 silly addNameRange     '0.2.3',
176 silly addNameRange     '0.2.4',
176 silly addNameRange     '0.2.5',
176 silly addNameRange     '0.2.6',
176 silly addNameRange     '0.2.7',
176 silly addNameRange     '0.2.8',
176 silly addNameRange     '0.2.9',
176 silly addNameRange     '0.3.0',
176 silly addNameRange     '0.2.10',
176 silly addNameRange     '0.4.0',
176 silly addNameRange     '0.4.1',
176 silly addNameRange     '0.4.2',
176 silly addNameRange     '0.4.4',
176 silly addNameRange     '0.5.0',
176 silly addNameRange     '0.5.1',
176 silly addNameRange     '0.5.2',
176 silly addNameRange     '0.5.3',
176 silly addNameRange     '0.6.0',
176 silly addNameRange     '0.7.0',
176 silly addNameRange     '0.7.1',
176 silly addNameRange     '0.7.2',
176 silly addNameRange     '0.8.0',
176 silly addNameRange     '0.8.1',
176 silly addNameRange     '0.8.2',
176 silly addNameRange     '0.8.3',
176 silly addNameRange     '0.8.4',
176 silly addNameRange     '0.8.5',
176 silly addNameRange     '0.8.6',
176 silly addNameRange     '0.8.7',
176 silly addNameRange     '0.8.8',
176 silly addNameRange     '0.8.9',
176 silly addNameRange     '0.8.10',
176 silly addNameRange     '0.8.11',
176 silly addNameRange     '0.8.12',
176 silly addNameRange     '0.9.0',
176 silly addNameRange     '0.9.1',
176 silly addNameRange     '0.9.2',
176 silly addNameRange     '0.9.3',
176 silly addNameRange     '0.9.4',
176 silly addNameRange     '0.9.5',
176 silly addNameRange     '0.9.6',
176 silly addNameRange     '0.9.7',
176 silly addNameRange     '1.0.0',
176 silly addNameRange     '1.0.1',
176 silly addNameRange     '2.0.0',
176 silly addNameRange     '2.0.1',
176 silly addNameRange     '2.0.2',
176 silly addNameRange     '1.1.0',
176 silly addNameRange     '1.1.1',
176 silly addNameRange     '1.1.2',
176 silly addNameRange     '2.0.3',
176 silly addNameRange     '1.2.0',
176 silly addNameRange     '1.2.1',
176 silly addNameRange     '1.3.0',
176 silly addNameRange     '1.4.0',
176 silly addNameRange     '1.4.1' ] ]
177 silly addNamed q@1.4.1
178 verbose addNamed "1.4.1" is a plain semver version for q
179 silly mapToRegistry name q
180 silly mapToRegistry using default registry
181 silly mapToRegistry registry https://registry.npmjs.org/
182 silly mapToRegistry uri https://registry.npmjs.org/q
183 verbose addRemoteTarball https://registry.npmjs.org/q/-/q-1.4.1.tgz not in flight; adding
184 verbose addRemoteTarball [ 'https://registry.npmjs.org/q/-/q-1.4.1.tgz',
184 verbose addRemoteTarball   '55705bcd93c5f3673530c2c2cbc0c2b3addc286e' ]
185 info retry fetch attempt 1 at 10:45:21 PM
186 info attempt registry request try #1 at 10:45:21 PM
187 http fetch GET https://registry.npmjs.org/q/-/q-1.4.1.tgz
188 silly cache afterAdd cross-spawn-async@2.1.6
189 verbose afterAdd /Users/Tom/.npm/cross-spawn-async/2.1.6/package/package.json not in flight; writing
190 verbose afterAdd /Users/Tom/.npm/cross-spawn-async/2.1.6/package/package.json written
191 http fetch 200 https://registry.npmjs.org/commander/-/commander-2.9.0.tgz
192 silly fetchAndShaCheck shasum 9c99094176e12240cb22d6c5146098400fe0f7d4
193 verbose addTmpTarball /var/folders/dm/c8m704b56sz_0tc5w3zkw7wr0000gn/T/npm-54676-d2a6cfe7/registry.npmjs.org/commander/-/commander-2.9.0.tgz not in flight; adding
194 verbose addTmpTarball already have metadata; skipping unpack for commander@2.9.0
195 silly cache afterAdd commander@2.9.0
196 verbose afterAdd /Users/Tom/.npm/commander/2.9.0/package/package.json not in flight; writing
197 verbose afterAdd /Users/Tom/.npm/commander/2.9.0/package/package.json written
198 http fetch 200 https://registry.npmjs.org/q/-/q-1.4.1.tgz
199 silly fetchAndShaCheck shasum 55705bcd93c5f3673530c2c2cbc0c2b3addc286e
200 verbose addTmpTarball /var/folders/dm/c8m704b56sz_0tc5w3zkw7wr0000gn/T/npm-54676-d2a6cfe7/registry.npmjs.org/q/-/q-1.4.1.tgz not in flight; adding
201 verbose addTmpTarball already have metadata; skipping unpack for q@1.4.1
202 silly cache afterAdd q@1.4.1
203 verbose afterAdd /Users/Tom/.npm/q/1.4.1/package/package.json not in flight; writing
204 verbose afterAdd /Users/Tom/.npm/q/1.4.1/package/package.json written
205 silly fetchNamedPackageData graceful-readlink
206 silly mapToRegistry name graceful-readlink
207 silly mapToRegistry using default registry
208 silly mapToRegistry registry https://registry.npmjs.org/
209 silly mapToRegistry uri https://registry.npmjs.org/graceful-readlink
210 verbose request uri https://registry.npmjs.org/graceful-readlink
211 verbose request no auth needed
212 info attempt registry request try #1 at 10:45:21 PM
213 http request GET https://registry.npmjs.org/graceful-readlink
214 http 200 https://registry.npmjs.org/graceful-readlink
215 verbose headers { server: 'CouchDB/1.5.0 (Erlang OTP/R16B03)',
215 verbose headers   etag: '"4Y89F8JDJP0YPHGBB0IMVMPJA"',
215 verbose headers   'content-type': 'application/json',
215 verbose headers   'cache-control': 'max-age=300',
215 verbose headers   'content-length': '3065',
215 verbose headers   'accept-ranges': 'bytes',
215 verbose headers   date: 'Sun, 17 Jan 2016 04:45:13 GMT',
215 verbose headers   via: '1.1 varnish',
215 verbose headers   age: '10',
215 verbose headers   connection: 'keep-alive',
215 verbose headers   'x-served-by': 'cache-ord1724-ORD',
215 verbose headers   'x-cache': 'HIT',
215 verbose headers   'x-cache-hits': '2',
215 verbose headers   'x-timer': 'S1453005913.528041,VS0,VE0',
215 verbose headers   vary: 'Accept' }
216 silly get cb [ 200,
216 silly get   { server: 'CouchDB/1.5.0 (Erlang OTP/R16B03)',
216 silly get     etag: '"4Y89F8JDJP0YPHGBB0IMVMPJA"',
216 silly get     'content-type': 'application/json',
216 silly get     'cache-control': 'max-age=300',
216 silly get     'content-length': '3065',
216 silly get     'accept-ranges': 'bytes',
216 silly get     date: 'Sun, 17 Jan 2016 04:45:13 GMT',
216 silly get     via: '1.1 varnish',
216 silly get     age: '10',
216 silly get     connection: 'keep-alive',
216 silly get     'x-served-by': 'cache-ord1724-ORD',
216 silly get     'x-cache': 'HIT',
216 silly get     'x-cache-hits': '2',
216 silly get     'x-timer': 'S1453005913.528041,VS0,VE0',
216 silly get     vary: 'Accept' } ]
217 verbose get saving graceful-readlink to /Users/Tom/.npm/registry.npmjs.org/graceful-readlink/.cache.json
218 silly resolveWithNewModule graceful-readlink@1.0.1 checking installable status
219 silly cache add args [ 'graceful-readlink@>= 1.0.0', null ]
220 verbose cache add spec graceful-readlink@>= 1.0.0
221 silly cache add parsed spec Result {
221 silly cache add   raw: 'graceful-readlink@>= 1.0.0',
221 silly cache add   scope: null,
221 silly cache add   name: 'graceful-readlink',
221 silly cache add   rawSpec: '>= 1.0.0',
221 silly cache add   spec: '>=1.0.0',
221 silly cache add   type: 'range' }
222 silly addNamed graceful-readlink@>=1.0.0
223 verbose addNamed ">=1.0.0" is a valid semver range for graceful-readlink
224 silly addNameRange { name: 'graceful-readlink', range: '>=1.0.0', hasData: false }
225 silly mapToRegistry name graceful-readlink
226 silly mapToRegistry using default registry
227 silly mapToRegistry registry https://registry.npmjs.org/
228 silly mapToRegistry uri https://registry.npmjs.org/graceful-readlink
229 verbose addNameRange registry:https://registry.npmjs.org/graceful-readlink not in flight; fetching
230 verbose get https://registry.npmjs.org/graceful-readlink not expired, no request
231 silly addNameRange number 2 { name: 'graceful-readlink', range: '>=1.0.0', hasData: true }
232 silly addNameRange versions [ 'graceful-readlink', [ '1.0.0', '1.0.1' ] ]
233 silly addNamed graceful-readlink@1.0.1
234 verbose addNamed "1.0.1" is a plain semver version for graceful-readlink
235 silly mapToRegistry name graceful-readlink
236 silly mapToRegistry using default registry
237 silly mapToRegistry registry https://registry.npmjs.org/
238 silly mapToRegistry uri https://registry.npmjs.org/graceful-readlink
239 verbose addRemoteTarball https://registry.npmjs.org/graceful-readlink/-/graceful-readlink-1.0.1.tgz not in flight; adding
240 verbose addRemoteTarball [ 'https://registry.npmjs.org/graceful-readlink/-/graceful-readlink-1.0.1.tgz',
240 verbose addRemoteTarball   '4cafad76bc62f02fa039b2f94e9a3dd3a391a725' ]
241 info retry fetch attempt 1 at 10:45:21 PM
242 info attempt registry request try #1 at 10:45:21 PM
243 http fetch GET https://registry.npmjs.org/graceful-readlink/-/graceful-readlink-1.0.1.tgz
244 http fetch 200 https://registry.npmjs.org/graceful-readlink/-/graceful-readlink-1.0.1.tgz
245 silly fetchAndShaCheck shasum 4cafad76bc62f02fa039b2f94e9a3dd3a391a725
246 verbose addTmpTarball /var/folders/dm/c8m704b56sz_0tc5w3zkw7wr0000gn/T/npm-54676-d2a6cfe7/registry.npmjs.org/graceful-readlink/-/graceful-readlink-1.0.1.tgz not in flight; adding
247 verbose addTmpTarball already have metadata; skipping unpack for graceful-readlink@1.0.1
248 silly cache afterAdd graceful-readlink@1.0.1
249 verbose afterAdd /Users/Tom/.npm/graceful-readlink/1.0.1/package/package.json not in flight; writing
250 verbose afterAdd /Users/Tom/.npm/graceful-readlink/1.0.1/package/package.json written
251 silly fetchNamedPackageData lru-cache
252 silly mapToRegistry name lru-cache
253 silly mapToRegistry using default registry
254 silly mapToRegistry registry https://registry.npmjs.org/
255 silly mapToRegistry uri https://registry.npmjs.org/lru-cache
256 silly fetchNamedPackageData which
257 silly mapToRegistry name which
258 silly mapToRegistry using default registry
259 silly mapToRegistry registry https://registry.npmjs.org/
260 silly mapToRegistry uri https://registry.npmjs.org/which
261 verbose request uri https://registry.npmjs.org/lru-cache
262 verbose request no auth needed
263 info attempt registry request try #1 at 10:45:21 PM
264 http request GET https://registry.npmjs.org/lru-cache
265 verbose request uri https://registry.npmjs.org/which
266 verbose request no auth needed
267 info attempt registry request try #1 at 10:45:21 PM
268 http request GET https://registry.npmjs.org/which
269 http 200 https://registry.npmjs.org/lru-cache
270 verbose headers { server: 'CouchDB/1.5.0 (Erlang OTP/R16B03)',
270 verbose headers   etag: '"A612E1QU1KQ8FT5B9WOERJD2K"',
270 verbose headers   'content-type': 'application/json',
270 verbose headers   'cache-control': 'max-age=300',
270 verbose headers   'content-length': '48067',
270 verbose headers   'accept-ranges': 'bytes',
270 verbose headers   date: 'Sun, 17 Jan 2016 04:45:13 GMT',
270 verbose headers   via: '1.1 varnish',
270 verbose headers   age: '119',
270 verbose headers   connection: 'keep-alive',
270 verbose headers   'x-served-by': 'cache-ord1735-ORD',
270 verbose headers   'x-cache': 'HIT',
270 verbose headers   'x-cache-hits': '5',
270 verbose headers   'x-timer': 'S1453005913.703499,VS0,VE0',
270 verbose headers   vary: 'Accept' }
271 silly get cb [ 200,
271 silly get   { server: 'CouchDB/1.5.0 (Erlang OTP/R16B03)',
271 silly get     etag: '"A612E1QU1KQ8FT5B9WOERJD2K"',
271 silly get     'content-type': 'application/json',
271 silly get     'cache-control': 'max-age=300',
271 silly get     'content-length': '48067',
271 silly get     'accept-ranges': 'bytes',
271 silly get     date: 'Sun, 17 Jan 2016 04:45:13 GMT',
271 silly get     via: '1.1 varnish',
271 silly get     age: '119',
271 silly get     connection: 'keep-alive',
271 silly get     'x-served-by': 'cache-ord1735-ORD',
271 silly get     'x-cache': 'HIT',
271 silly get     'x-cache-hits': '5',
271 silly get     'x-timer': 'S1453005913.703499,VS0,VE0',
271 silly get     vary: 'Accept' } ]
272 verbose get saving lru-cache to /Users/Tom/.npm/registry.npmjs.org/lru-cache/.cache.json
273 silly resolveWithNewModule lru-cache@4.0.0 checking installable status
274 silly cache add args [ 'lru-cache@^4.0.0', null ]
275 verbose cache add spec lru-cache@^4.0.0
276 silly cache add parsed spec Result {
276 silly cache add   raw: 'lru-cache@^4.0.0',
276 silly cache add   scope: null,
276 silly cache add   name: 'lru-cache',
276 silly cache add   rawSpec: '^4.0.0',
276 silly cache add   spec: '>=4.0.0 <5.0.0',
276 silly cache add   type: 'range' }
277 silly addNamed lru-cache@>=4.0.0 <5.0.0
278 verbose addNamed ">=4.0.0 <5.0.0" is a valid semver range for lru-cache
279 silly addNameRange { name: 'lru-cache', range: '>=4.0.0 <5.0.0', hasData: false }
280 silly mapToRegistry name lru-cache
281 silly mapToRegistry using default registry
282 silly mapToRegistry registry https://registry.npmjs.org/
283 silly mapToRegistry uri https://registry.npmjs.org/lru-cache
284 verbose addNameRange registry:https://registry.npmjs.org/lru-cache not in flight; fetching
285 verbose get https://registry.npmjs.org/lru-cache not expired, no request
286 silly addNameRange number 2 { name: 'lru-cache', range: '>=4.0.0 <5.0.0', hasData: true }
287 silly addNameRange versions [ 'lru-cache',
287 silly addNameRange   [ '1.0.1',
287 silly addNameRange     '1.0.2',
287 silly addNameRange     '1.0.3',
287 silly addNameRange     '1.0.4',
287 silly addNameRange     '1.0.5',
287 silly addNameRange     '1.0.6',
287 silly addNameRange     '1.1.0',
287 silly addNameRange     '1.1.1',
287 silly addNameRange     '2.0.0',
287 silly addNameRange     '2.0.1',
287 silly addNameRange     '2.0.2',
287 silly addNameRange     '2.0.3',
287 silly addNameRange     '2.0.4',
287 silly addNameRange     '2.1.0',
287 silly addNameRange     '2.2.0',
287 silly addNameRange     '2.2.1',
287 silly addNameRange     '2.2.2',
287 silly addNameRange     '2.2.4',
287 silly addNameRange     '2.3.0',
287 silly addNameRange     '2.3.1',
287 silly addNameRange     '2.5.0',
287 silly addNameRange     '2.5.1',
287 silly addNameRange     '2.5.2',
287 silly addNameRange     '2.6.0',
287 silly addNameRange     '2.6.1',
287 silly addNameRange     '2.6.2',
287 silly addNameRange     '2.6.3',
287 silly addNameRange     '2.6.4',
287 silly addNameRange     '2.6.5',
287 silly addNameRange     '2.7.0',
287 silly addNameRange     '2.7.1',
287 silly addNameRange     '2.7.2',
287 silly addNameRange     '2.7.3',
287 silly addNameRange     '3.0.0',
287 silly addNameRange     '3.1.0',
287 silly addNameRange     '3.1.1',
287 silly addNameRange     '3.1.2',
287 silly addNameRange     '3.2.0',
287 silly addNameRange     '4.0.0' ] ]
288 silly addNamed lru-cache@4.0.0
289 verbose addNamed "4.0.0" is a plain semver version for lru-cache
290 http 200 https://registry.npmjs.org/which
291 verbose headers { server: 'CouchDB/1.5.0 (Erlang OTP/R16B03)',
291 verbose headers   etag: '"6DE0SJ92WYL4YTDQ4JLGBNSFS"',
291 verbose headers   'content-type': 'application/json',
291 verbose headers   'cache-control': 'max-age=300',
291 verbose headers   'content-length': '15728',
291 verbose headers   'accept-ranges': 'bytes',
291 verbose headers   date: 'Sun, 17 Jan 2016 04:45:13 GMT',
291 verbose headers   via: '1.1 varnish',
291 verbose headers   age: '117',
291 verbose headers   connection: 'keep-alive',
291 verbose headers   'x-served-by': 'cache-ord1729-ORD',
291 verbose headers   'x-cache': 'HIT',
291 verbose headers   'x-cache-hits': '1',
291 verbose headers   'x-timer': 'S1453005913.733779,VS0,VE0',
291 verbose headers   vary: 'Accept' }
292 silly get cb [ 200,
292 silly get   { server: 'CouchDB/1.5.0 (Erlang OTP/R16B03)',
292 silly get     etag: '"6DE0SJ92WYL4YTDQ4JLGBNSFS"',
292 silly get     'content-type': 'application/json',
292 silly get     'cache-control': 'max-age=300',
292 silly get     'content-length': '15728',
292 silly get     'accept-ranges': 'bytes',
292 silly get     date: 'Sun, 17 Jan 2016 04:45:13 GMT',
292 silly get     via: '1.1 varnish',
292 silly get     age: '117',
292 silly get     connection: 'keep-alive',
292 silly get     'x-served-by': 'cache-ord1729-ORD',
292 silly get     'x-cache': 'HIT',
292 silly get     'x-cache-hits': '1',
292 silly get     'x-timer': 'S1453005913.733779,VS0,VE0',
292 silly get     vary: 'Accept' } ]
293 verbose get saving which to /Users/Tom/.npm/registry.npmjs.org/which/.cache.json
294 silly mapToRegistry name lru-cache
295 silly mapToRegistry using default registry
296 silly mapToRegistry registry https://registry.npmjs.org/
297 silly mapToRegistry uri https://registry.npmjs.org/lru-cache
298 verbose addRemoteTarball https://registry.npmjs.org/lru-cache/-/lru-cache-4.0.0.tgz not in flight; adding
299 verbose addRemoteTarball [ 'https://registry.npmjs.org/lru-cache/-/lru-cache-4.0.0.tgz',
299 verbose addRemoteTarball   'b5cbf01556c16966febe54ceec0fb4dc90df6c28' ]
300 info retry fetch attempt 1 at 10:45:21 PM
301 info attempt registry request try #1 at 10:45:21 PM
302 http fetch GET https://registry.npmjs.org/lru-cache/-/lru-cache-4.0.0.tgz
303 silly resolveWithNewModule which@1.2.1 checking installable status
304 silly cache add args [ 'which@^1.2.0', null ]
305 verbose cache add spec which@^1.2.0
306 silly cache add parsed spec Result {
306 silly cache add   raw: 'which@^1.2.0',
306 silly cache add   scope: null,
306 silly cache add   name: 'which',
306 silly cache add   rawSpec: '^1.2.0',
306 silly cache add   spec: '>=1.2.0 <2.0.0',
306 silly cache add   type: 'range' }
307 silly addNamed which@>=1.2.0 <2.0.0
308 verbose addNamed ">=1.2.0 <2.0.0" is a valid semver range for which
309 silly addNameRange { name: 'which', range: '>=1.2.0 <2.0.0', hasData: false }
310 silly mapToRegistry name which
311 silly mapToRegistry using default registry
312 silly mapToRegistry registry https://registry.npmjs.org/
313 silly mapToRegistry uri https://registry.npmjs.org/which
314 verbose addNameRange registry:https://registry.npmjs.org/which not in flight; fetching
315 verbose get https://registry.npmjs.org/which not expired, no request
316 silly addNameRange number 2 { name: 'which', range: '>=1.2.0 <2.0.0', hasData: true }
317 silly addNameRange versions [ 'which',
317 silly addNameRange   [ '1.0.0',
317 silly addNameRange     '1.0.1',
317 silly addNameRange     '1.0.2',
317 silly addNameRange     '1.0.3',
317 silly addNameRange     '1.0.5',
317 silly addNameRange     '1.0.6',
317 silly addNameRange     '1.0.7',
317 silly addNameRange     '1.0.8',
317 silly addNameRange     '1.0.9',
317 silly addNameRange     '1.1.0',
317 silly addNameRange     '1.1.1',
317 silly addNameRange     '1.1.2',
317 silly addNameRange     '1.2.0',
317 silly addNameRange     '1.2.1' ] ]
318 silly addNamed which@1.2.1
319 verbose addNamed "1.2.1" is a plain semver version for which
320 silly mapToRegistry name which
321 silly mapToRegistry using default registry
322 silly mapToRegistry registry https://registry.npmjs.org/
323 silly mapToRegistry uri https://registry.npmjs.org/which
324 verbose addRemoteTarball https://registry.npmjs.org/which/-/which-1.2.1.tgz not in flight; adding
325 verbose addRemoteTarball [ 'https://registry.npmjs.org/which/-/which-1.2.1.tgz',
325 verbose addRemoteTarball   'a010c43aade1a798a3e6c1b1e453d45cb497a2bc' ]
326 info retry fetch attempt 1 at 10:45:21 PM
327 info attempt registry request try #1 at 10:45:21 PM
328 http fetch GET https://registry.npmjs.org/which/-/which-1.2.1.tgz
329 http fetch 200 https://registry.npmjs.org/lru-cache/-/lru-cache-4.0.0.tgz
330 silly fetchAndShaCheck shasum b5cbf01556c16966febe54ceec0fb4dc90df6c28
331 verbose addTmpTarball /var/folders/dm/c8m704b56sz_0tc5w3zkw7wr0000gn/T/npm-54676-d2a6cfe7/registry.npmjs.org/lru-cache/-/lru-cache-4.0.0.tgz not in flight; adding
332 verbose addTmpTarball already have metadata; skipping unpack for lru-cache@4.0.0
333 http fetch 200 https://registry.npmjs.org/which/-/which-1.2.1.tgz
334 silly cache afterAdd lru-cache@4.0.0
335 verbose afterAdd /Users/Tom/.npm/lru-cache/4.0.0/package/package.json not in flight; writing
336 silly fetchAndShaCheck shasum a010c43aade1a798a3e6c1b1e453d45cb497a2bc
337 verbose afterAdd /Users/Tom/.npm/lru-cache/4.0.0/package/package.json written
338 verbose addTmpTarball /var/folders/dm/c8m704b56sz_0tc5w3zkw7wr0000gn/T/npm-54676-d2a6cfe7/registry.npmjs.org/which/-/which-1.2.1.tgz not in flight; adding
339 verbose addTmpTarball already have metadata; skipping unpack for which@1.2.1
340 silly cache afterAdd which@1.2.1
341 verbose afterAdd /Users/Tom/.npm/which/1.2.1/package/package.json not in flight; writing
342 verbose afterAdd /Users/Tom/.npm/which/1.2.1/package/package.json written
343 silly fetchNamedPackageData pseudomap
344 silly mapToRegistry name pseudomap
345 silly mapToRegistry using default registry
346 silly mapToRegistry registry https://registry.npmjs.org/
347 silly mapToRegistry uri https://registry.npmjs.org/pseudomap
348 silly fetchNamedPackageData yallist
349 silly mapToRegistry name yallist
350 silly mapToRegistry using default registry
351 silly mapToRegistry registry https://registry.npmjs.org/
352 silly mapToRegistry uri https://registry.npmjs.org/yallist
353 verbose request uri https://registry.npmjs.org/pseudomap
354 verbose request no auth needed
355 info attempt registry request try #1 at 10:45:22 PM
356 http request GET https://registry.npmjs.org/pseudomap
357 verbose request uri https://registry.npmjs.org/yallist
358 verbose request no auth needed
359 info attempt registry request try #1 at 10:45:22 PM
360 http request GET https://registry.npmjs.org/yallist
361 http 200 https://registry.npmjs.org/pseudomap
362 verbose headers { server: 'CouchDB/1.5.0 (Erlang OTP/R16B03)',
362 verbose headers   etag: '"DUOK70GJPZOHMDOKRKT7ULNQM"',
362 verbose headers   'content-type': 'application/json',
362 verbose headers   'cache-control': 'max-age=300',
362 verbose headers   'content-length': '6223',
362 verbose headers   'accept-ranges': 'bytes',
362 verbose headers   date: 'Sun, 17 Jan 2016 04:45:13 GMT',
362 verbose headers   via: '1.1 varnish',
362 verbose headers   age: '117',
362 verbose headers   connection: 'keep-alive',
362 verbose headers   'x-served-by': 'cache-ord1730-ORD',
362 verbose headers   'x-cache': 'HIT',
362 verbose headers   'x-cache-hits': '1',
362 verbose headers   'x-timer': 'S1453005913.907576,VS0,VE0',
362 verbose headers   vary: 'Accept' }
363 silly get cb [ 200,
363 silly get   { server: 'CouchDB/1.5.0 (Erlang OTP/R16B03)',
363 silly get     etag: '"DUOK70GJPZOHMDOKRKT7ULNQM"',
363 silly get     'content-type': 'application/json',
363 silly get     'cache-control': 'max-age=300',
363 silly get     'content-length': '6223',
363 silly get     'accept-ranges': 'bytes',
363 silly get     date: 'Sun, 17 Jan 2016 04:45:13 GMT',
363 silly get     via: '1.1 varnish',
363 silly get     age: '117',
363 silly get     connection: 'keep-alive',
363 silly get     'x-served-by': 'cache-ord1730-ORD',
363 silly get     'x-cache': 'HIT',
363 silly get     'x-cache-hits': '1',
363 silly get     'x-timer': 'S1453005913.907576,VS0,VE0',
363 silly get     vary: 'Accept' } ]
364 verbose get saving pseudomap to /Users/Tom/.npm/registry.npmjs.org/pseudomap/.cache.json
365 http 200 https://registry.npmjs.org/yallist
366 verbose headers { server: 'CouchDB/1.5.0 (Erlang OTP/R16B03)',
366 verbose headers   etag: '"3LK2LCIO05OJQFXB4G9ZEET1H"',
366 verbose headers   'content-type': 'application/json',
366 verbose headers   'cache-control': 'max-age=300',
366 verbose headers   'content-length': '10418',
366 verbose headers   'accept-ranges': 'bytes',
366 verbose headers   date: 'Sun, 17 Jan 2016 04:45:13 GMT',
366 verbose headers   via: '1.1 varnish',
366 verbose headers   age: '219',
366 verbose headers   connection: 'keep-alive',
366 verbose headers   'x-served-by': 'cache-ord1734-ORD',
366 verbose headers   'x-cache': 'HIT',
366 verbose headers   'x-cache-hits': '1',
366 verbose headers   'x-timer': 'S1453005913.914243,VS0,VE0',
366 verbose headers   vary: 'Accept' }
367 silly get cb [ 200,
367 silly get   { server: 'CouchDB/1.5.0 (Erlang OTP/R16B03)',
367 silly get     etag: '"3LK2LCIO05OJQFXB4G9ZEET1H"',
367 silly get     'content-type': 'application/json',
367 silly get     'cache-control': 'max-age=300',
367 silly get     'content-length': '10418',
367 silly get     'accept-ranges': 'bytes',
367 silly get     date: 'Sun, 17 Jan 2016 04:45:13 GMT',
367 silly get     via: '1.1 varnish',
367 silly get     age: '219',
367 silly get     connection: 'keep-alive',
367 silly get     'x-served-by': 'cache-ord1734-ORD',
367 silly get     'x-cache': 'HIT',
367 silly get     'x-cache-hits': '1',
367 silly get     'x-timer': 'S1453005913.914243,VS0,VE0',
367 silly get     vary: 'Accept' } ]
368 verbose get saving yallist to /Users/Tom/.npm/registry.npmjs.org/yallist/.cache.json
369 silly resolveWithNewModule pseudomap@1.0.2 checking installable status
370 silly cache add args [ 'pseudomap@^1.0.1', null ]
371 verbose cache add spec pseudomap@^1.0.1
372 silly cache add parsed spec Result {
372 silly cache add   raw: 'pseudomap@^1.0.1',
372 silly cache add   scope: null,
372 silly cache add   name: 'pseudomap',
372 silly cache add   rawSpec: '^1.0.1',
372 silly cache add   spec: '>=1.0.1 <2.0.0',
372 silly cache add   type: 'range' }
373 silly addNamed pseudomap@>=1.0.1 <2.0.0
374 verbose addNamed ">=1.0.1 <2.0.0" is a valid semver range for pseudomap
375 silly addNameRange { name: 'pseudomap', range: '>=1.0.1 <2.0.0', hasData: false }
376 silly mapToRegistry name pseudomap
377 silly mapToRegistry using default registry
378 silly mapToRegistry registry https://registry.npmjs.org/
379 silly mapToRegistry uri https://registry.npmjs.org/pseudomap
380 verbose addNameRange registry:https://registry.npmjs.org/pseudomap not in flight; fetching
381 verbose get https://registry.npmjs.org/pseudomap not expired, no request
382 silly addNameRange number 2 { name: 'pseudomap', range: '>=1.0.1 <2.0.0', hasData: true }
383 silly addNameRange versions [ 'pseudomap', [ '1.0.0', '1.0.1', '1.0.2' ] ]
384 silly addNamed pseudomap@1.0.2
385 verbose addNamed "1.0.2" is a plain semver version for pseudomap
386 silly mapToRegistry name pseudomap
387 silly mapToRegistry using default registry
388 silly mapToRegistry registry https://registry.npmjs.org/
389 silly mapToRegistry uri https://registry.npmjs.org/pseudomap
390 verbose addRemoteTarball https://registry.npmjs.org/pseudomap/-/pseudomap-1.0.2.tgz not in flight; adding
391 verbose addRemoteTarball [ 'https://registry.npmjs.org/pseudomap/-/pseudomap-1.0.2.tgz',
391 verbose addRemoteTarball   'f052a28da70e618917ef0a8ac34c1ae5a68286b3' ]
392 silly resolveWithNewModule yallist@2.0.0 checking installable status
393 silly cache add args [ 'yallist@^2.0.0', null ]
394 verbose cache add spec yallist@^2.0.0
395 silly cache add parsed spec Result {
395 silly cache add   raw: 'yallist@^2.0.0',
395 silly cache add   scope: null,
395 silly cache add   name: 'yallist',
395 silly cache add   rawSpec: '^2.0.0',
395 silly cache add   spec: '>=2.0.0 <3.0.0',
395 silly cache add   type: 'range' }
396 silly addNamed yallist@>=2.0.0 <3.0.0
397 verbose addNamed ">=2.0.0 <3.0.0" is a valid semver range for yallist
398 silly addNameRange { name: 'yallist', range: '>=2.0.0 <3.0.0', hasData: false }
399 silly mapToRegistry name yallist
400 silly mapToRegistry using default registry
401 silly mapToRegistry registry https://registry.npmjs.org/
402 silly mapToRegistry uri https://registry.npmjs.org/yallist
403 verbose addNameRange registry:https://registry.npmjs.org/yallist not in flight; fetching
404 info retry fetch attempt 1 at 10:45:22 PM
405 info attempt registry request try #1 at 10:45:22 PM
406 http fetch GET https://registry.npmjs.org/pseudomap/-/pseudomap-1.0.2.tgz
407 verbose get https://registry.npmjs.org/yallist not expired, no request
408 silly addNameRange number 2 { name: 'yallist', range: '>=2.0.0 <3.0.0', hasData: true }
409 silly addNameRange versions [ 'yallist', [ '1.0.0', '1.0.1', '1.0.2', '1.1.0', '2.0.0' ] ]
410 silly addNamed yallist@2.0.0
411 verbose addNamed "2.0.0" is a plain semver version for yallist
412 silly mapToRegistry name yallist
413 silly mapToRegistry using default registry
414 silly mapToRegistry registry https://registry.npmjs.org/
415 silly mapToRegistry uri https://registry.npmjs.org/yallist
416 verbose addRemoteTarball https://registry.npmjs.org/yallist/-/yallist-2.0.0.tgz not in flight; adding
417 verbose addRemoteTarball [ 'https://registry.npmjs.org/yallist/-/yallist-2.0.0.tgz',
417 verbose addRemoteTarball   '306c543835f09ee1a4cb23b7bce9ab341c91cdd4' ]
418 info retry fetch attempt 1 at 10:45:22 PM
419 info attempt registry request try #1 at 10:45:22 PM
420 http fetch GET https://registry.npmjs.org/yallist/-/yallist-2.0.0.tgz
421 http fetch 200 https://registry.npmjs.org/yallist/-/yallist-2.0.0.tgz
422 http fetch 200 https://registry.npmjs.org/pseudomap/-/pseudomap-1.0.2.tgz
423 silly fetchAndShaCheck shasum f052a28da70e618917ef0a8ac34c1ae5a68286b3
424 silly fetchAndShaCheck shasum 306c543835f09ee1a4cb23b7bce9ab341c91cdd4
425 verbose addTmpTarball /var/folders/dm/c8m704b56sz_0tc5w3zkw7wr0000gn/T/npm-54676-d2a6cfe7/registry.npmjs.org/pseudomap/-/pseudomap-1.0.2.tgz not in flight; adding
426 verbose addTmpTarball already have metadata; skipping unpack for pseudomap@1.0.2
427 verbose addTmpTarball /var/folders/dm/c8m704b56sz_0tc5w3zkw7wr0000gn/T/npm-54676-d2a6cfe7/registry.npmjs.org/yallist/-/yallist-2.0.0.tgz not in flight; adding
428 verbose addTmpTarball already have metadata; skipping unpack for yallist@2.0.0
429 silly cache afterAdd yallist@2.0.0
430 verbose afterAdd /Users/Tom/.npm/yallist/2.0.0/package/package.json not in flight; writing
431 silly cache afterAdd pseudomap@1.0.2
432 verbose afterAdd /Users/Tom/.npm/pseudomap/1.0.2/package/package.json not in flight; writing
433 verbose afterAdd /Users/Tom/.npm/yallist/2.0.0/package/package.json written
434 verbose afterAdd /Users/Tom/.npm/pseudomap/1.0.2/package/package.json written
435 silly fetchNamedPackageData is-absolute
436 silly mapToRegistry name is-absolute
437 silly mapToRegistry using default registry
438 silly mapToRegistry registry https://registry.npmjs.org/
439 silly mapToRegistry uri https://registry.npmjs.org/is-absolute
440 verbose request uri https://registry.npmjs.org/is-absolute
441 verbose request no auth needed
442 info attempt registry request try #1 at 10:45:22 PM
443 http request GET https://registry.npmjs.org/is-absolute
444 http 200 https://registry.npmjs.org/is-absolute
445 verbose headers { server: 'CouchDB/1.5.0 (Erlang OTP/R16B03)',
445 verbose headers   etag: '"CPI4UKPPY6RVIFNM6AJ9B3780"',
445 verbose headers   'content-type': 'application/json',
445 verbose headers   'cache-control': 'max-age=300',
445 verbose headers   'content-length': '18266',
445 verbose headers   'accept-ranges': 'bytes',
445 verbose headers   date: 'Sun, 17 Jan 2016 04:45:14 GMT',
445 verbose headers   via: '1.1 varnish',
445 verbose headers   age: '265',
445 verbose headers   connection: 'keep-alive',
445 verbose headers   'x-served-by': 'cache-ord1721-ORD',
445 verbose headers   'x-cache': 'HIT',
445 verbose headers   'x-cache-hits': '1',
445 verbose headers   'x-timer': 'S1453005914.131453,VS0,VE0',
445 verbose headers   vary: 'Accept' }
446 silly get cb [ 200,
446 silly get   { server: 'CouchDB/1.5.0 (Erlang OTP/R16B03)',
446 silly get     etag: '"CPI4UKPPY6RVIFNM6AJ9B3780"',
446 silly get     'content-type': 'application/json',
446 silly get     'cache-control': 'max-age=300',
446 silly get     'content-length': '18266',
446 silly get     'accept-ranges': 'bytes',
446 silly get     date: 'Sun, 17 Jan 2016 04:45:14 GMT',
446 silly get     via: '1.1 varnish',
446 silly get     age: '265',
446 silly get     connection: 'keep-alive',
446 silly get     'x-served-by': 'cache-ord1721-ORD',
446 silly get     'x-cache': 'HIT',
446 silly get     'x-cache-hits': '1',
446 silly get     'x-timer': 'S1453005914.131453,VS0,VE0',
446 silly get     vary: 'Accept' } ]
447 verbose get saving is-absolute to /Users/Tom/.npm/registry.npmjs.org/is-absolute/.cache.json
448 silly resolveWithNewModule is-absolute@0.1.7 checking installable status
449 silly cache add args [ 'is-absolute@^0.1.7', null ]
450 verbose cache add spec is-absolute@^0.1.7
451 silly cache add parsed spec Result {
451 silly cache add   raw: 'is-absolute@^0.1.7',
451 silly cache add   scope: null,
451 silly cache add   name: 'is-absolute',
451 silly cache add   rawSpec: '^0.1.7',
451 silly cache add   spec: '>=0.1.7 <0.2.0',
451 silly cache add   type: 'range' }
452 silly addNamed is-absolute@>=0.1.7 <0.2.0
453 verbose addNamed ">=0.1.7 <0.2.0" is a valid semver range for is-absolute
454 silly addNameRange { name: 'is-absolute', range: '>=0.1.7 <0.2.0', hasData: false }
455 silly mapToRegistry name is-absolute
456 silly mapToRegistry using default registry
457 silly mapToRegistry registry https://registry.npmjs.org/
458 silly mapToRegistry uri https://registry.npmjs.org/is-absolute
459 verbose addNameRange registry:https://registry.npmjs.org/is-absolute not in flight; fetching
460 verbose get https://registry.npmjs.org/is-absolute not expired, no request
461 silly addNameRange number 2 { name: 'is-absolute', range: '>=0.1.7 <0.2.0', hasData: true }
462 silly addNameRange versions [ 'is-absolute',
462 silly addNameRange   [ '0.1.0',
462 silly addNameRange     '0.1.1',
462 silly addNameRange     '0.1.2',
462 silly addNameRange     '0.1.3',
462 silly addNameRange     '0.1.4',
462 silly addNameRange     '0.1.5',
462 silly addNameRange     '0.1.7',
462 silly addNameRange     '0.2.0',
462 silly addNameRange     '0.2.1',
462 silly addNameRange     '0.2.2',
462 silly addNameRange     '0.2.3' ] ]
463 silly addNamed is-absolute@0.1.7
464 verbose addNamed "0.1.7" is a plain semver version for is-absolute
465 silly mapToRegistry name is-absolute
466 silly mapToRegistry using default registry
467 silly mapToRegistry registry https://registry.npmjs.org/
468 silly mapToRegistry uri https://registry.npmjs.org/is-absolute
469 verbose addRemoteTarball https://registry.npmjs.org/is-absolute/-/is-absolute-0.1.7.tgz not in flight; adding
470 verbose addRemoteTarball [ 'https://registry.npmjs.org/is-absolute/-/is-absolute-0.1.7.tgz',
470 verbose addRemoteTarball   '847491119fccb5fb436217cc737f7faad50f603f' ]
471 info retry fetch attempt 1 at 10:45:22 PM
472 info attempt registry request try #1 at 10:45:22 PM
473 http fetch GET https://registry.npmjs.org/is-absolute/-/is-absolute-0.1.7.tgz
474 http fetch 200 https://registry.npmjs.org/is-absolute/-/is-absolute-0.1.7.tgz
475 silly fetchAndShaCheck shasum 847491119fccb5fb436217cc737f7faad50f603f
476 verbose addTmpTarball /var/folders/dm/c8m704b56sz_0tc5w3zkw7wr0000gn/T/npm-54676-d2a6cfe7/registry.npmjs.org/is-absolute/-/is-absolute-0.1.7.tgz not in flight; adding
477 verbose addTmpTarball already have metadata; skipping unpack for is-absolute@0.1.7
478 silly cache afterAdd is-absolute@0.1.7
479 verbose afterAdd /Users/Tom/.npm/is-absolute/0.1.7/package/package.json not in flight; writing
480 verbose afterAdd /Users/Tom/.npm/is-absolute/0.1.7/package/package.json written
481 silly fetchNamedPackageData is-relative
482 silly mapToRegistry name is-relative
483 silly mapToRegistry using default registry
484 silly mapToRegistry registry https://registry.npmjs.org/
485 silly mapToRegistry uri https://registry.npmjs.org/is-relative
486 verbose request uri https://registry.npmjs.org/is-relative
487 verbose request no auth needed
488 info attempt registry request try #1 at 10:45:22 PM
489 http request GET https://registry.npmjs.org/is-relative
490 http 200 https://registry.npmjs.org/is-relative
491 verbose headers { server: 'CouchDB/1.5.0 (Erlang OTP/R16B03)',
491 verbose headers   etag: '"96AW5PE7LE078MLGG4XGGJNPM"',
491 verbose headers   'content-type': 'application/json',
491 verbose headers   'cache-control': 'max-age=300',
491 verbose headers   'content-length': '10179',
491 verbose headers   'accept-ranges': 'bytes',
491 verbose headers   date: 'Sun, 17 Jan 2016 04:45:14 GMT',
491 verbose headers   via: '1.1 varnish',
491 verbose headers   age: '190',
491 verbose headers   connection: 'keep-alive',
491 verbose headers   'x-served-by': 'cache-ord1722-ORD',
491 verbose headers   'x-cache': 'HIT',
491 verbose headers   'x-cache-hits': '484',
491 verbose headers   'x-timer': 'S1453005914.308298,VS0,VE0',
491 verbose headers   vary: 'Accept' }
492 silly get cb [ 200,
492 silly get   { server: 'CouchDB/1.5.0 (Erlang OTP/R16B03)',
492 silly get     etag: '"96AW5PE7LE078MLGG4XGGJNPM"',
492 silly get     'content-type': 'application/json',
492 silly get     'cache-control': 'max-age=300',
492 silly get     'content-length': '10179',
492 silly get     'accept-ranges': 'bytes',
492 silly get     date: 'Sun, 17 Jan 2016 04:45:14 GMT',
492 silly get     via: '1.1 varnish',
492 silly get     age: '190',
492 silly get     connection: 'keep-alive',
492 silly get     'x-served-by': 'cache-ord1722-ORD',
492 silly get     'x-cache': 'HIT',
492 silly get     'x-cache-hits': '484',
492 silly get     'x-timer': 'S1453005914.308298,VS0,VE0',
492 silly get     vary: 'Accept' } ]
493 verbose get saving is-relative to /Users/Tom/.npm/registry.npmjs.org/is-relative/.cache.json
494 silly resolveWithNewModule is-relative@0.1.3 checking installable status
495 silly cache add args [ 'is-relative@^0.1.0', null ]
496 verbose cache add spec is-relative@^0.1.0
497 silly cache add parsed spec Result {
497 silly cache add   raw: 'is-relative@^0.1.0',
497 silly cache add   scope: null,
497 silly cache add   name: 'is-relative',
497 silly cache add   rawSpec: '^0.1.0',
497 silly cache add   spec: '>=0.1.0 <0.2.0',
497 silly cache add   type: 'range' }
498 silly addNamed is-relative@>=0.1.0 <0.2.0
499 verbose addNamed ">=0.1.0 <0.2.0" is a valid semver range for is-relative
500 silly addNameRange { name: 'is-relative', range: '>=0.1.0 <0.2.0', hasData: false }
501 silly mapToRegistry name is-relative
502 silly mapToRegistry using default registry
503 silly mapToRegistry registry https://registry.npmjs.org/
504 silly mapToRegistry uri https://registry.npmjs.org/is-relative
505 verbose addNameRange registry:https://registry.npmjs.org/is-relative not in flight; fetching
506 verbose get https://registry.npmjs.org/is-relative not expired, no request
507 silly addNameRange number 2 { name: 'is-relative', range: '>=0.1.0 <0.2.0', hasData: true }
508 silly addNameRange versions [ 'is-relative',
508 silly addNameRange   [ '0.1.0', '0.1.1', '0.1.2', '0.1.3', '0.2.0', '0.2.1' ] ]
509 silly addNamed is-relative@0.1.3
510 verbose addNamed "0.1.3" is a plain semver version for is-relative
511 silly mapToRegistry name is-relative
512 silly mapToRegistry using default registry
513 silly mapToRegistry registry https://registry.npmjs.org/
514 silly mapToRegistry uri https://registry.npmjs.org/is-relative
515 verbose addRemoteTarball https://registry.npmjs.org/is-relative/-/is-relative-0.1.3.tgz not in flight; adding
516 verbose addRemoteTarball [ 'https://registry.npmjs.org/is-relative/-/is-relative-0.1.3.tgz',
516 verbose addRemoteTarball   '905fee8ae86f45b3ec614bc3c15c869df0876e82' ]
517 info retry fetch attempt 1 at 10:45:22 PM
518 info attempt registry request try #1 at 10:45:22 PM
519 http fetch GET https://registry.npmjs.org/is-relative/-/is-relative-0.1.3.tgz
520 http fetch 200 https://registry.npmjs.org/is-relative/-/is-relative-0.1.3.tgz
521 silly fetchAndShaCheck shasum 905fee8ae86f45b3ec614bc3c15c869df0876e82
522 verbose addTmpTarball /var/folders/dm/c8m704b56sz_0tc5w3zkw7wr0000gn/T/npm-54676-d2a6cfe7/registry.npmjs.org/is-relative/-/is-relative-0.1.3.tgz not in flight; adding
523 verbose addTmpTarball already have metadata; skipping unpack for is-relative@0.1.3
524 silly cache afterAdd is-relative@0.1.3
525 verbose afterAdd /Users/Tom/.npm/is-relative/0.1.3/package/package.json not in flight; writing
526 verbose afterAdd /Users/Tom/.npm/is-relative/0.1.3/package/package.json written
527 silly loadAllDepsIntoIdealTree Finishing
528 silly idealTree:prePrune lib
528 silly idealTree:prePrune  donejs@0.6.0
528 silly idealTree:prePrune    commander@2.9.0
528 silly idealTree:prePrune    cross-spawn-async@2.1.6
528 silly idealTree:prePrune    graceful-readlink@1.0.1
528 silly idealTree:prePrune    is-absolute@0.1.7
528 silly idealTree:prePrune    is-relative@0.1.3
528 silly idealTree:prePrune    lru-cache@4.0.0
528 silly idealTree:prePrune    pseudomap@1.0.2
528 silly idealTree:prePrune    q@1.4.1
528 silly idealTree:prePrune    which@1.2.1
528 silly idealTree:prePrune    yallist@2.0.0
529 silly loadIdealTree Finishing
530 silly currentTree lib
531 silly idealTree lib
531 silly idealTree  donejs@0.6.0
531 silly idealTree    commander@2.9.0
531 silly idealTree    cross-spawn-async@2.1.6
531 silly idealTree    graceful-readlink@1.0.1
531 silly idealTree    is-absolute@0.1.7
531 silly idealTree    is-relative@0.1.3
531 silly idealTree    lru-cache@4.0.0
531 silly idealTree    pseudomap@1.0.2
531 silly idealTree    q@1.4.1
531 silly idealTree    which@1.2.1
531 silly idealTree    yallist@2.0.0
532 silly generateActionsToTake Starting
533 silly install generateActionsToTake
534 warn checkPermissions Missing write access to /usr/local/lib/node_modules
535 silly rollbackFailedOptional Starting
536 silly rollbackFailedOptional Finishing
537 silly runTopLevelLifecycles Starting
538 silly runTopLevelLifecycles Finishing
539 silly install printInstalled
540 verbose stack Error: EACCES: permission denied, access '/usr/local/lib/node_modules'
540 verbose stack     at Error (native)
541 verbose cwd /Users/Tom/Code/Tom-Geitz-Site
542 error Darwin 14.3.0
543 error argv "/usr/local/bin/node" "/usr/local/bin/npm" "install" "-g" "donejs"
544 error node v5.4.1
545 error npm  v3.3.12
546 error path /usr/local/lib/node_modules
547 error code EACCES
548 error errno -13
549 error syscall access
550 error Error: EACCES: permission denied, access '/usr/local/lib/node_modules'
550 error     at Error (native)
550 error  { [Error: EACCES: permission denied, access '/usr/local/lib/node_modules']
550 error   errno: -13,
550 error   code: 'EACCES',
550 error   syscall: 'access',
550 error   path: '/usr/local/lib/node_modules' }
551 error Please try running this command again as root/Administrator.
552 verbose exit [ -13, true ]
